\BOOKMARK [0][-]{chapter.1}{Introducci\363n}{}% 1
\BOOKMARK [0][-]{chapter.2}{Organizaci\363n}{}% 2
\BOOKMARK [1][-]{section.2.1}{Diagrama de clases}{chapter.2}% 3
\BOOKMARK [1][-]{section.2.2}{BPMN}{chapter.2}% 4
\BOOKMARK [1][-]{section.2.3}{Diagramas de secuencia}{chapter.2}% 5
\BOOKMARK [2][-]{subsection.2.3.1}{Login}{section.2.3}% 6
\BOOKMARK [2][-]{subsection.2.3.2}{Compra de medicamentos}{section.2.3}% 7
\BOOKMARK [2][-]{subsection.2.3.3}{Busqueda}{section.2.3}% 8
\BOOKMARK [2][-]{subsection.2.3.4}{Crear expediente}{section.2.3}% 9
\BOOKMARK [2][-]{subsection.2.3.5}{Modificar expediente}{section.2.3}% 10
\BOOKMARK [2][-]{subsection.2.3.6}{Generar receta}{section.2.3}% 11
\BOOKMARK [0][-]{chapter.3}{Glosario de T\351rminos}{}% 12
\BOOKMARK [1][-]{section.3.1}{Glosario de t\351rminos}{chapter.3}% 13
\BOOKMARK [0][-]{chapter.4}{Lineamientos de Dise\361o}{}% 14
\BOOKMARK [1][-]{section.4.1}{Especificaciones del Dise\361o}{chapter.4}% 15
\BOOKMARK [1][-]{section.4.2}{Compra del Dise\361o}{chapter.4}% 16
\BOOKMARK [1][-]{section.4.3}{Acuerdos y Estandares}{chapter.4}% 17
\BOOKMARK [0][-]{chapter.5}{Modelo L\363gico}{}% 18
\BOOKMARK [1][-]{section.5.1}{Descomposicion del Sistema}{chapter.5}% 19
\BOOKMARK [1][-]{section.5.2}{Descomposicion de los Sistemas}{chapter.5}% 20
\BOOKMARK [2][-]{subsection.5.2.1}{Descomposicion Logica de del subsistema VISTA}{section.5.2}% 21
\BOOKMARK [2][-]{subsection.5.2.2}{Descomposicion Logica de del subsistema NEGOCIO}{section.5.2}% 22
\BOOKMARK [2][-]{subsection.5.2.3}{Descomposicion Logica de del subsistema DAO}{section.5.2}% 23
\BOOKMARK [1][-]{section.5.3}{Descomposicion del Modelo}{chapter.5}% 24
\BOOKMARK [0][-]{chapter.6}{Modelo Din\341mico}{}% 25
\BOOKMARK [1][-]{section.6.1}{Modelo Dinamico de \(Ej: Gestion de Personal\)}{chapter.6}% 26
\BOOKMARK [2][-]{subsection.6.1.1}{Escenarios de ... \(Ej: Resgistro de Personal\)}{section.6.1}% 27
\BOOKMARK [0][-]{chapter.7}{Modelo Dise\361o del Problema}{}% 28
\BOOKMARK [1][-]{section.7.1}{Modelo de Definicion de Datos \(DDL\)}{chapter.7}% 29
\BOOKMARK [1][-]{section.7.2}{Modelo de Manipulacion de Datos}{chapter.7}% 30
